<?xml version="1.0" encoding="UTF-8"?>
<!-- Generated by org.testng.reporters.JUnitReportReporter -->
<testsuite hostname="DESKTOP-GH10MGB" failures="0" tests="2" name="Care.Mavenjava.AppiumTest" time="0.008" errors="0" timestamp="2022-07-08T11:38:57 IST" skipped="0">
  <testcase classname="Care.Mavenjava.AppiumTest" name="IOSApps" time="0.007"/>
  <system-out/>
  <testcase classname="Care.Mavenjava.AppiumTest" name="NativeAppAndroid" time="0.001"/>
  <system-out/>
</testsuite> <!-- Care.Mavenjava.AppiumTest -->
