<?xml version="1.0" encoding="UTF-8"?>
<!-- Generated by org.testng.reporters.JUnitReportReporter -->
<testsuite hostname="DESKTOP-GH10MGB" failures="0" tests="1" name="Care.Mavenjava.SeleniumTest" time="0.006" errors="0" timestamp="2022-07-08T11:40:40 IST" skipped="0">
  <testcase classname="Care.Mavenjava.SeleniumTest" name="elementsUI" time="0.006"/>
  <system-out/>
</testsuite> <!-- Care.Mavenjava.SeleniumTest -->
