<?xml version="1.0" encoding="UTF-8"?>
<!-- Generated by org.testng.reporters.JUnitReportReporter -->
<testsuite hostname="DESKTOP-GH10MGB" failures="0" tests="2" name="Care.Mavenjava.SeleniumTest" time="0.000" errors="0" timestamp="2022-07-08T13:05:23 IST" skipped="0">
  <testcase classname="Care.Mavenjava.SeleniumTest" name="BrowserAutomation" time="0.000"/>
  <system-out/>
  <testcase classname="Care.Mavenjava.SeleniumTest" name="elementsUI" time="0.000"/>
  <system-out/>
</testsuite> <!-- Care.Mavenjava.SeleniumTest -->
